This is pdfTeX, Version 3.14159265-2.6-1.40.18 (MiKTeX 2.9.6350 64-bit) (preloaded format=pdflatex 2017.9.24)  22 FEB 2018 17:26
entering extended mode
**./mdpc.tex
(mdpc.tex
LaTeX2e <2017-04-15>
Babel <3.10> and hyphenation patterns for 75 language(s) loaded.
(llncs.cls
Document Class: llncs 2017/09/04 v2.19 
 LaTeX document class for Lecture Notes in Computer Science
("C:\Program Files\MiKTeX 2.9\tex\latex\base\article.cls"
Document Class: article 2014/09/29 v1.4h Standard LaTeX document class
("C:\Program Files\MiKTeX 2.9\tex\latex\base\size10.clo"
File: size10.clo 2014/09/29 v1.4h Standard LaTeX file (size option)
)
\c@part=\count79
\c@section=\count80
\c@subsection=\count81
\c@subsubsection=\count82
\c@paragraph=\count83
\c@subparagraph=\count84
\c@figure=\count85
\c@table=\count86
\abovecaptionskip=\skip41
\belowcaptionskip=\skip42
\bibindent=\dimen102
)
("C:\Program Files\MiKTeX 2.9\tex\latex\tools\multicol.sty"
Package: multicol 2017/04/11 v1.8q multicolumn formatting (FMi)
\c@tracingmulticols=\count87
\mult@box=\box26
\multicol@leftmargin=\dimen103
\c@unbalance=\count88
\c@collectmore=\count89
\doublecol@number=\count90
\multicoltolerance=\count91
\multicolpretolerance=\count92
\full@width=\dimen104
\page@free=\dimen105
\premulticols=\dimen106
\postmulticols=\dimen107
\multicolsep=\skip43
\multicolbaselineskip=\skip44
\partial@page=\box27
\last@line=\box28
\maxbalancingoverflow=\dimen108
\mult@rightbox=\box29
\mult@grightbox=\box30
\mult@gfirstbox=\box31
\mult@firstbox=\box32
\@tempa=\box33
\@tempa=\box34
\@tempa=\box35
\@tempa=\box36
\@tempa=\box37
\@tempa=\box38
\@tempa=\box39
\@tempa=\box40
\@tempa=\box41
\@tempa=\box42
\@tempa=\box43
\@tempa=\box44
\@tempa=\box45
\@tempa=\box46
\@tempa=\box47
\@tempa=\box48
\@tempa=\box49
\c@columnbadness=\count93
\c@finalcolumnbadness=\count94
\last@try=\dimen109
\multicolovershoot=\dimen110
\multicolundershoot=\dimen111
\mult@nat@firstbox=\box50
\colbreak@box=\box51
\mc@col@check@num=\count95
) (aliascnt.sty
Package: aliascnt 2009/09/08 v1.3 Alias counter (HO)

(remreset.sty))
\c@chapter=\count96
LaTeX Font Info:    Redeclaring math symbol \Gamma on input line 362.
LaTeX Font Info:    Redeclaring math symbol \Delta on input line 363.
LaTeX Font Info:    Redeclaring math symbol \Theta on input line 364.
LaTeX Font Info:    Redeclaring math symbol \Lambda on input line 365.
LaTeX Font Info:    Redeclaring math symbol \Xi on input line 366.
LaTeX Font Info:    Redeclaring math symbol \Pi on input line 367.
LaTeX Font Info:    Redeclaring math symbol \Sigma on input line 368.
LaTeX Font Info:    Redeclaring math symbol \Upsilon on input line 369.
LaTeX Font Info:    Redeclaring math symbol \Phi on input line 370.
LaTeX Font Info:    Redeclaring math symbol \Psi on input line 371.
LaTeX Font Info:    Redeclaring math symbol \Omega on input line 372.
\tocchpnum=\dimen112
\tocsecnum=\dimen113
\tocsectotal=\dimen114
\tocsubsecnum=\dimen115
\tocsubsectotal=\dimen116
\tocsubsubsecnum=\dimen117
\tocsubsubsectotal=\dimen118
\tocparanum=\dimen119
\tocparatotal=\dimen120
\tocsubparanum=\dimen121
\@tempcntc=\count97
\fnindent=\dimen122
\c@@inst=\count98
\c@@auth=\count99
\c@auco=\count100
\instindent=\dimen123
\authrun=\box52
\authorrunning=\toks14
\tocauthor=\toks15
\titrun=\box53
\titlerunning=\toks16
\toctitle=\toks17
\c@theorem=\count101
\c@case=\count102
\c@conjecture=\count103
\c@corollary=\count104
\c@definition=\count105
\c@example=\count106
\c@exercise=\count107
\c@lemma=\count108
\c@note=\count109
\c@problem=\count110
\c@property=\count111
\c@proposition=\count112
\c@question=\count113
\c@solution=\count114
\c@remark=\count115
\headlineindent=\dimen124
) ("C:\Program Files\MiKTeX 2.9\tex\latex\base\makeidx.sty"
Package: makeidx 2014/09/29 v1.0m Standard LaTeX package
)
("C:\Program Files\MiKTeX 2.9\tex\latex\graphics\graphicx.sty"
Package: graphicx 2014/10/28 v1.0g Enhanced LaTeX Graphics (DPC,SPQR)

("C:\Program Files\MiKTeX 2.9\tex\latex\graphics\keyval.sty"
Package: keyval 2014/10/28 v1.15 key=value parser (DPC)
\KV@toks@=\toks18
)
("C:\Program Files\MiKTeX 2.9\tex\latex\graphics\graphics.sty"
Package: graphics 2017/04/14 v1.1b Standard LaTeX Graphics (DPC,SPQR)

("C:\Program Files\MiKTeX 2.9\tex\latex\graphics\trig.sty"
Package: trig 2016/01/03 v1.10 sin cos tan (DPC)
)
("C:\Program Files\MiKTeX 2.9\tex\latex\graphics-cfg\graphics.cfg"
File: graphics.cfg 2016/06/04 v1.11 sample graphics configuration
)
Package graphics Info: Driver file: pdftex.def on input line 99.

("C:\Program Files\MiKTeX 2.9\tex\latex\graphics-def\pdftex.def"
File: pdftex.def 2017/01/12 v0.06k Graphics/color for pdfTeX

("C:\Program Files\MiKTeX 2.9\tex\generic\oberdiek\infwarerr.sty"
Package: infwarerr 2016/05/16 v1.4 Providing info/warning/error messages (HO)
)
("C:\Program Files\MiKTeX 2.9\tex\generic\oberdiek\ltxcmds.sty"
Package: ltxcmds 2016/05/16 v1.23 LaTeX kernel commands for general use (HO)
)
\Gread@gobject=\count116
))
\Gin@req@height=\dimen125
\Gin@req@width=\dimen126
)
("C:\Program Files\MiKTeX 2.9\tex\latex\oberdiek\epstopdf.sty"
Package: epstopdf 2016/05/15 v2.6 Conversion with epstopdf on the fly (HO)

("C:\Program Files\MiKTeX 2.9\tex\latex\oberdiek\epstopdf-base.sty"
Package: epstopdf-base 2016/05/15 v2.6 Base part for package epstopdf

("C:\Program Files\MiKTeX 2.9\tex\latex\oberdiek\grfext.sty"
Package: grfext 2016/05/16 v1.2 Manage graphics extensions (HO)

("C:\Program Files\MiKTeX 2.9\tex\generic\oberdiek\kvdefinekeys.sty"
Package: kvdefinekeys 2016/05/16 v1.4 Define keys (HO)
))
("C:\Program Files\MiKTeX 2.9\tex\latex\oberdiek\kvoptions.sty"
Package: kvoptions 2016/05/16 v3.12 Key value format for package options (HO)

("C:\Program Files\MiKTeX 2.9\tex\generic\oberdiek\kvsetkeys.sty"
Package: kvsetkeys 2016/05/16 v1.17 Key value parser (HO)

("C:\Program Files\MiKTeX 2.9\tex\generic\oberdiek\etexcmds.sty"
Package: etexcmds 2016/05/16 v1.6 Avoid name clashes with e-TeX commands (HO)

("C:\Program Files\MiKTeX 2.9\tex\generic\oberdiek\ifluatex.sty"
Package: ifluatex 2016/05/16 v1.4 Provides the ifluatex switch (HO)
Package ifluatex Info: LuaTeX not detected.
)
Package etexcmds Info: Could not find \expanded.
(etexcmds)             That can mean that you are not using pdfTeX 1.50 or
(etexcmds)             that some package has redefined \expanded.
(etexcmds)             In the latter case, load this package earlier.
)))
("C:\Program Files\MiKTeX 2.9\tex\generic\oberdiek\pdftexcmds.sty"
Package: pdftexcmds 2017/03/19 v0.25 Utility functions of pdfTeX for LuaTeX (HO
)

("C:\Program Files\MiKTeX 2.9\tex\generic\oberdiek\ifpdf.sty"
Package: ifpdf 2017/03/15 v3.2 Provides the ifpdf switch
)
Package pdftexcmds Info: LuaTeX not detected.
Package pdftexcmds Info: \pdf@primitive is available.
Package pdftexcmds Info: \pdf@ifprimitive is available.
Package pdftexcmds Info: \pdfdraftmode found.
)
Package epstopdf-base Info: Redefining graphics rule for `.eps' on input line 4
38.
Package grfext Info: Graphics extension search list:
(grfext)             [.png,.pdf,.jpg,.mps,.jpeg,.jbig2,.jb2,.PNG,.PDF,.JPG,.JPE
G,.JBIG2,.JB2,.eps]
(grfext)             \AppendGraphicsExtensions on input line 456.
))
("C:\Program Files\MiKTeX 2.9\tex\latex\caption\subcaption.sty"
Package: subcaption 2016/05/22 v1.1-161 Sub-captions (AR)

("C:\Program Files\MiKTeX 2.9\tex\latex\caption\caption.sty"
Package: caption 2016/02/21 v3.3-144 Customizing captions (AR)

("C:\Program Files\MiKTeX 2.9\tex\latex\caption\caption3.sty"
Package: caption3 2016/05/22 v1.7-166 caption3 kernel (AR)
Package caption3 Info: TeX engine: e-TeX on input line 67.
\captionmargin=\dimen127
\captionmargin@=\dimen128
\captionwidth=\dimen129
\caption@tempdima=\dimen130
\caption@indent=\dimen131
\caption@parindent=\dimen132
\caption@hangindent=\dimen133
Package caption Info: Unknown document class (or package),
(caption)             standard defaults will be used.
)

Package caption Warning: Unsupported document class (or package) detected,
(caption)                usage of the caption package is not recommended.
See the caption package documentation for explanation.

Package caption Info: \@makecaption = \long macro:#1#2->\small \vskip \abovecap
tionskip \sbox \@tempboxa {{\bfseries #1.} #2}\ifdim \wd \@tempboxa >\hsize {\b
fseries #1.} #2\par \else \global \@minipagefalse \hb@xt@ \hsize {\hfil \box \@
tempboxa \hfil }\fi \vskip \belowcaptionskip .
\c@ContinuedFloat=\count117
)
\c@subfigure=\count118
\c@subtable=\count119
) ("C:\Program Files\MiKTeX 2.9\tex\latex\algorithms\algorithm.sty"
Package: algorithm 2009/08/24 v0.1 Document Style `algorithm' - floating enviro
nment

("C:\Program Files\MiKTeX 2.9\tex\latex\float\float.sty"
Package: float 2001/11/08 v1.3d Float enhancements (AL)
\c@float@type=\count120
\float@exts=\toks19
\float@box=\box54
\@float@everytoks=\toks20
\@floatcapt=\box55
)
("C:\Program Files\MiKTeX 2.9\tex\latex\base\ifthen.sty"
Package: ifthen 2014/09/29 v1.1c Standard LaTeX ifthen package (DPC)
)
\@float@every@algorithm=\toks21
\c@algorithm=\count121
)
("C:\Program Files\MiKTeX 2.9\tex\latex\algorithmicx\algpseudocode.sty"
Package: algpseudocode 

("C:\Program Files\MiKTeX 2.9\tex\latex\algorithmicx\algorithmicx.sty"
Package: algorithmicx 2005/04/27 v1.2 Algorithmicx

Document Style algorithmicx 1.2 - a greatly improved `algorithmic' style
\c@ALG@line=\count122
\c@ALG@rem=\count123
\c@ALG@nested=\count124
\ALG@tlm=\skip45
\ALG@thistlm=\skip46
\c@ALG@Lnr=\count125
\c@ALG@blocknr=\count126
\c@ALG@storecount=\count127
\c@ALG@tmpcounter=\count128
\ALG@tmplength=\skip47
)
Document Style - pseudocode environments for use with the `algorithmicx' style
) ("C:\Program Files\MiKTeX 2.9\tex\latex\amsmath\amsmath.sty"
Package: amsmath 2016/11/05 v2.16a AMS math features
\@mathmargin=\skip48

For additional information on amsmath, use the `?' option.
("C:\Program Files\MiKTeX 2.9\tex\latex\amsmath\amstext.sty"
Package: amstext 2000/06/29 v2.01 AMS text

("C:\Program Files\MiKTeX 2.9\tex\latex\amsmath\amsgen.sty"
File: amsgen.sty 1999/11/30 v2.0 generic functions
\@emptytoks=\toks22
\ex@=\dimen134
))
("C:\Program Files\MiKTeX 2.9\tex\latex\amsmath\amsbsy.sty"
Package: amsbsy 1999/11/29 v1.2d Bold Symbols
\pmbraise@=\dimen135
)
("C:\Program Files\MiKTeX 2.9\tex\latex\amsmath\amsopn.sty"
Package: amsopn 2016/03/08 v2.02 operator names
)
\inf@bad=\count129
LaTeX Info: Redefining \frac on input line 213.
\uproot@=\count130
\leftroot@=\count131
LaTeX Info: Redefining \overline on input line 375.
\classnum@=\count132
\DOTSCASE@=\count133
LaTeX Info: Redefining \ldots on input line 472.
LaTeX Info: Redefining \dots on input line 475.
LaTeX Info: Redefining \cdots on input line 596.
\Mathstrutbox@=\box56
\strutbox@=\box57
\big@size=\dimen136
LaTeX Font Info:    Redeclaring font encoding OML on input line 712.
LaTeX Font Info:    Redeclaring font encoding OMS on input line 713.


Package amsmath Warning: Unable to redefine math accent \vec.

\macc@depth=\count134
\c@MaxMatrixCols=\count135
\dotsspace@=\muskip10
\c@parentequation=\count136
\dspbrk@lvl=\count137
\tag@help=\toks23
\row@=\count138
\column@=\count139
\maxfields@=\count140
\andhelp@=\toks24
\eqnshift@=\dimen137
\alignsep@=\dimen138
\tagshift@=\dimen139
\tagwidth@=\dimen140
\totwidth@=\dimen141
\lineht@=\dimen142
\@envbody=\toks25
\multlinegap=\skip49
\multlinetaggap=\skip50
\mathdisplay@stack=\toks26
LaTeX Info: Redefining \[ on input line 2817.
LaTeX Info: Redefining \] on input line 2818.
) ("C:\Program Files\MiKTeX 2.9\tex\latex\tools\bm.sty"
Package: bm 2017/01/16 v1.2c Bold Symbol Support (DPC/FMi)
\symboldoperators=\mathgroup4
\symboldletters=\mathgroup5
\symboldsymbols=\mathgroup6
LaTeX Font Info:    Redeclaring math alphabet \mathbf on input line 141.
LaTeX Info: Redefining \bm on input line 207.
)
("C:\Program Files\MiKTeX 2.9\tex\latex\lipsum\lipsum.sty"
Package: lipsum 2014/07/27 v1.3 150 paragraphs of Lorem Ipsum dummy text
\c@lips@count=\count141
)
("C:\Program Files\MiKTeX 2.9\tex\latex\multirow\multirow.sty"
Package: multirow 2016/11/25 v2.2 Span multiple rows of a table
\multirow@colwidth=\skip51
\multirow@cntb=\count142
\multirow@dima=\skip52
\bigstrutjot=\dimen143
)
("C:\Program Files\MiKTeX 2.9\tex\latex\bbding\bbding.sty"
Package: bbding 1999/04/15 v1.01 Dingbats symbols
)
("C:\Program Files\MiKTeX 2.9\tex\fonts\ifsym\ifsym.sty"
Package: ifsym 2000/04/18 I.Kloeckl

("C:\Program Files\MiKTeX 2.9\tex\latex\tools\calc.sty"
Package: calc 2014/10/28 v4.3 Infix arithmetic (KKT,FJ)
\calc@Acount=\count143
\calc@Bcount=\count144
\calc@Adimen=\dimen144
\calc@Bdimen=\dimen145
\calc@Askip=\skip53
\calc@Bskip=\skip54
LaTeX Info: Redefining \setlength on input line 80.
LaTeX Info: Redefining \addtolength on input line 81.
\calc@Ccount=\count145
\calc@Cskip=\skip55
)
\c@ifsymcnt=\count146
)
("C:\Program Files\MiKTeX 2.9\tex\latex\geometry\geometry.sty"
Package: geometry 2010/09/12 v5.6 Page Geometry

("C:\Program Files\MiKTeX 2.9\tex\generic\oberdiek\ifvtex.sty"
Package: ifvtex 2016/05/16 v1.6 Detect VTeX and its facilities (HO)
Package ifvtex Info: VTeX not detected.
)
("C:\Program Files\MiKTeX 2.9\tex\generic\ifxetex\ifxetex.sty"
Package: ifxetex 2010/09/12 v0.6 Provides ifxetex conditional
)
\Gm@cnth=\count147
\Gm@cntv=\count148
\c@Gm@tempcnt=\count149
\Gm@bindingoffset=\dimen146
\Gm@wd@mp=\dimen147
\Gm@odd@mp=\dimen148
\Gm@even@mp=\dimen149
\Gm@layoutwidth=\dimen150
\Gm@layoutheight=\dimen151
\Gm@layouthoffset=\dimen152
\Gm@layoutvoffset=\dimen153
\Gm@dimlist=\toks27

("C:\Program Files\MiKTeX 2.9\tex\latex\geometry\geometry.cfg")) (mdpc.aux)
\openout1 = `mdpc.aux'.

LaTeX Font Info:    Checking defaults for OML/cmm/m/it on input line 27.
LaTeX Font Info:    ... okay on input line 27.
LaTeX Font Info:    Checking defaults for T1/cmr/m/n on input line 27.
LaTeX Font Info:    ... okay on input line 27.
LaTeX Font Info:    Checking defaults for OT1/cmr/m/n on input line 27.
LaTeX Font Info:    ... okay on input line 27.
LaTeX Font Info:    Checking defaults for OMS/cmsy/m/n on input line 27.
LaTeX Font Info:    ... okay on input line 27.
LaTeX Font Info:    Checking defaults for OMX/cmex/m/n on input line 27.
LaTeX Font Info:    ... okay on input line 27.
LaTeX Font Info:    Checking defaults for U/cmr/m/n on input line 27.
LaTeX Font Info:    ... okay on input line 27.

("C:\Program Files\MiKTeX 2.9\tex\context\base\supp-pdf.mkii"
[Loading MPS to PDF converter (version 2006.09.02).]
\scratchcounter=\count150
\scratchdimen=\dimen154
\scratchbox=\box58
\nofMPsegments=\count151
\nofMParguments=\count152
\everyMPshowfont=\toks28
\MPscratchCnt=\count153
\MPscratchDim=\dimen155
\MPnumerator=\count154
\makeMPintoPDFobject=\count155
\everyMPtoPDFconversion=\toks29
)
Package caption Info: Begin \AtBeginDocument code.
Package caption Info: Incompatible package detected (regarding \@caption).
(caption)             \@caption = \long macro:#1[#2]#3->\par \addcontentsline {
\csname ext@#1\endcsname }{#1}{\protect \numberline {\csname the#1\endcsname }{
\ignorespaces #2}}\begingroup \@parboxrestore \@makecaption {\csname fnum@#1\en
dcsname }{\ignorespaces #3}\par \endgroup .


Package caption Warning: Forced redefinition of \caption since the
(caption)                unsupported(!) package option `compatibility=false'
(caption)                was given.
See the caption package documentation for explanation.

Package caption Info: float package is loaded.
Package caption Info: End \AtBeginDocument code.
*geometry* driver: auto-detecting
*geometry* detected driver: pdftex
*geometry* verbose mode - [ preamble ] result:
* driver: pdftex
* paper: <default>
* layout: <same size as paper>
* layoutoffset:(h,v)=(0.0pt,0.0pt)
* modes: twoside 
* h-part:(L,W,R)=(128.0374pt, 358.2202pt, 128.0374pt)
* v-part:(T,H,B)=(128.0374pt, 538.89519pt, 128.0374pt)
* \paperwidth=614.295pt
* \paperheight=794.96999pt
* \textwidth=358.2202pt
* \textheight=567.34793pt
* \oddsidemargin=55.76741pt
* \evensidemargin=55.76741pt
* \topmargin=27.76741pt
* \headheight=12.0pt
* \headsep=16.0pt
* \topskip=10.0pt
* \footskip=30.0pt
* \marginparwidth=90.0pt
* \marginparsep=11.0pt
* \columnsep=10.0pt
* \skip\footins=9.0pt plus 4.0pt minus 2.0pt
* \hoffset=0.0pt
* \voffset=0.0pt
* \mag=1000
* \@twocolumnfalse
* \@twosidetrue
* \@mparswitchtrue
* \@reversemarginfalse
* (1in=72.27pt=25.4mm, 1cm=28.453pt)

LaTeX Font Info:    Try loading font information for U+ifsym on input line 68.
("C:\Program Files\MiKTeX 2.9\tex\fonts\ifsym\uifsym.fd")
LaTeX Font Info:    Try loading font information for OMS+cmtt on input line 68.

LaTeX Font Info:    No file OMScmtt.fd. on input line 68.


LaTeX Font Warning: Font shape `OMS/cmtt/m/n' undefined
(Font)              using `OMS/cmsy/m/n' instead
(Font)              for symbol `textbraceleft' on input line 68.


Overfull \hbox (5.38724pt too wide) in paragraph at lines 70--71
[]\OT1/cmr/m/n/9 Density-based clus-ter-ing, such as Den-sity Peak Clus-ter-ing
 (DPC)
 []

[1



{C:/ProgramData/MiKTeX/2.9/pdftex/config/pdftex.map}] [2]
<image/dgf_org_1.png, id=20, 398.9304pt x 304.9794pt>
File: image/dgf_org_1.png Graphic file (type png)

<use image/dgf_org_1.png>
Package pdftex.def Info: image/dgf_org_1.png used on input line 96.
(pdftex.def)             Requested size: 89.55504pt x 68.46382pt.

<image/dgf_org_2.png, id=22, 398.9304pt x 304.9794pt>
File: image/dgf_org_2.png Graphic file (type png)

<use image/dgf_org_2.png>
Package pdftex.def Info: image/dgf_org_2.png used on input line 101.
(pdftex.def)             Requested size: 89.55504pt x 68.46382pt.

<image/dgf_org_0.png, id=23, 401.8212pt x 304.9794pt>
File: image/dgf_org_0.png Graphic file (type png)

<use image/dgf_org_0.png>
Package pdftex.def Info: image/dgf_org_0.png used on input line 106.
(pdftex.def)             Requested size: 89.55504pt x 67.97055pt.
 <image/dgf_dg_1.png, id=24, 406.8801pt x 315.0972pt>
File: image/dgf_dg_1.png Graphic file (type png)

<use image/dgf_dg_1.png>
Package pdftex.def Info: image/dgf_dg_1.png used on input line 111.
(pdftex.def)             Requested size: 89.55504pt x 69.35043pt.
 <image/dgf_dg_2.png, id=25, 409.0482pt x 315.0972pt>
File: image/dgf_dg_2.png Graphic file (type png)

<use image/dgf_dg_2.png>
Package pdftex.def Info: image/dgf_dg_2.png used on input line 116.
(pdftex.def)             Requested size: 89.55504pt x 68.98503pt.
 <image/dgf_dg_0.png, id=26, 411.2163pt x 315.0972pt>
File: image/dgf_dg_0.png Graphic file (type png)

<use image/dgf_dg_0.png>
Package pdftex.def Info: image/dgf_dg_0.png used on input line 121.
(pdftex.def)             Requested size: 89.55504pt x 68.61963pt.
 [3 <./image/dgf_org_1.png> <./image/dgf_org_2.png> <./image/dgf_org_0.png> <./
image/dgf_dg_1.png> <./image/dgf_dg_2.png> <./image/dgf_dg_0.png>] [4] <image/0
03non.png, id=41, 363.5181pt x 271.7352pt>
File: image/003non.png Graphic file (type png)

<use image/003non.png>
Package pdftex.def Info: image/003non.png used on input line 199.
(pdftex.def)             Requested size: 85.97481pt x 64.26411pt.
 <image/004non.png, id=42, 363.5181pt x 271.7352pt>
File: image/004non.png Graphic file (type png)

<use image/004non.png>
Package pdftex.def Info: image/004non.png used on input line 204.
(pdftex.def)             Requested size: 85.97481pt x 64.26411pt.
 <image/003nl.png, id=43, 363.5181pt x 271.7352pt>
File: image/003nl.png Graphic file (type png)

<use image/003nl.png>
Package pdftex.def Info: image/003nl.png used on input line 209.
(pdftex.def)             Requested size: 85.97481pt x 64.26411pt.
 <image/004nl.png, id=44, 363.5181pt x 271.7352pt>
File: image/004nl.png Graphic file (type png)

<use image/004nl.png>
Package pdftex.def Info: image/004nl.png used on input line 214.
(pdftex.def)             Requested size: 85.97481pt x 64.26411pt.
 [5] [6 <./image/003non.png> <./image/004non.png> <./image/003nl.png> <./image/
004nl.png>] [7]
<image/org.png, id=63, 363.5181pt x 271.7352pt>
File: image/org.png Graphic file (type png)
 <use image/org.png>
Package pdftex.def Info: image/org.png used on input line 328.
(pdftex.def)             Requested size: 100.30121pt x 74.9741pt.

<image/no_merge.png, id=64, 363.5181pt x 271.7352pt>
File: image/no_merge.png Graphic file (type png)
 <use image/no_merge.png>
Package pdftex.def Info: image/no_merge.png used on input line 334.
(pdftex.def)             Requested size: 100.30121pt x 74.9741pt.

<image/correct.png, id=65, 363.5181pt x 271.7352pt>
File: image/correct.png Graphic file (type png)
 <use image/correct.png>
Package pdftex.def Info: image/correct.png used on input line 340.
(pdftex.def)             Requested size: 100.30121pt x 74.9741pt.

[8 <./image/org.png> <./image/no_merge.png> <./image/correct.png>]
<image/distances.png, id=72, 1381.8024pt x 281.853pt>
File: image/distances.png Graphic file (type png)

<use image/distances.png>
Package pdftex.def Info: image/distances.png used on input line 361.
(pdftex.def)             Requested size: 358.2202pt x 73.065pt.

<image/pathbased_MDPC.png, id=73, 363.5181pt x 271.7352pt>
File: image/pathbased_MDPC.png Graphic file (type png)

<use image/pathbased_MDPC.png>
Package pdftex.def Info: image/pathbased_MDPC.png used on input line 373.
(pdftex.def)             Requested size: 82.38911pt x 61.58557pt.

<image/pathbased_org.png, id=74, 363.5181pt x 271.7352pt>
File: image/pathbased_org.png Graphic file (type png)

<use image/pathbased_org.png>
Package pdftex.def Info: image/pathbased_org.png used on input line 377.
(pdftex.def)             Requested size: 82.38911pt x 61.58557pt.

<image/pathbased_dbscan.png, id=75, 363.5181pt x 271.7352pt>
File: image/pathbased_dbscan.png Graphic file (type png)

<use image/pathbased_dbscan.png>
Package pdftex.def Info: image/pathbased_dbscan.png used on input line 381.
(pdftex.def)             Requested size: 82.38911pt x 61.58557pt.

<image/jain_MDPC.png, id=76, 363.5181pt x 278.9622pt>
File: image/jain_MDPC.png Graphic file (type png)

<use image/jain_MDPC.png>
Package pdftex.def Info: image/jain_MDPC.png used on input line 389.
(pdftex.def)             Requested size: 82.38911pt x 63.2235pt.
 <image/jain_org.png, id=77, 363.5181pt x 276.7941pt>
File: image/jain_org.png Graphic file (type png)

<use image/jain_org.png>
Package pdftex.def Info: image/jain_org.png used on input line 393.
(pdftex.def)             Requested size: 82.38911pt x 62.73212pt.

<image/jain_dbscan.png, id=78, 363.5181pt x 273.9033pt>
File: image/jain_dbscan.png Graphic file (type png)

<use image/jain_dbscan.png>
Package pdftex.def Info: image/jain_dbscan.png used on input line 397.
(pdftex.def)             Requested size: 82.38911pt x 62.07695pt.

<image/Compound_MDPC.png, id=79, 363.5181pt x 277.5168pt>
File: image/Compound_MDPC.png Graphic file (type png)

<use image/Compound_MDPC.png>
Package pdftex.def Info: image/Compound_MDPC.png used on input line 405.
(pdftex.def)             Requested size: 82.38911pt x 62.8959pt.

<image/Compound_org.png, id=80, 363.5181pt x 275.3487pt>
File: image/Compound_org.png Graphic file (type png)

<use image/Compound_org.png>
Package pdftex.def Info: image/Compound_org.png used on input line 410.
(pdftex.def)             Requested size: 82.38911pt x 62.40453pt.

<image/Compound_dbscan.png, id=81, 363.5181pt x 277.5168pt>
File: image/Compound_dbscan.png Graphic file (type png)

<use image/Compound_dbscan.png>
Package pdftex.def Info: image/Compound_dbscan.png used on input line 415.
(pdftex.def)             Requested size: 82.38911pt x 62.8959pt.
 [9]
<image/iris_MDPC.png, id=85, 578.16pt x 430.7292pt>
File: image/iris_MDPC.png Graphic file (type png)
 <use image/iris_MDPC.png>
Package pdftex.def Info: image/iris_MDPC.png used on input line 449.
(pdftex.def)             Requested size: 114.63309pt x 85.40163pt.

<image/iris_dp.png, id=86, 583.2189pt x 438.6789pt>
File: image/iris_dp.png Graphic file (type png)
 <use image/iris_dp.png>
Package pdftex.def Info: image/iris_dp.png used on input line 454.
(pdftex.def)             Requested size: 114.63309pt x 86.22144pt.

<image/iris_dbscan.png, id=87, 578.16pt x 430.7292pt>
File: image/iris_dbscan.png Graphic file (type png)

<use image/iris_dbscan.png>
Package pdftex.def Info: image/iris_dbscan.png used on input line 459.
(pdftex.def)             Requested size: 114.63309pt x 85.40163pt.
 [10 <./image/distances.png> <./image/pathbased_MDPC.png> <./image/pathbased_or
g.png> <./image/pathbased_dbscan.png> <./image/jain_MDPC.png> <./image/jain_org
.png> <./image/jain_dbscan.png> <./image/Compound_MDPC.png> <./image/Compound_o
rg.png> <./image/Compound_dbscan.png>] (mdpc.bbl
[11 <./image/iris_MDPC.png> <./image/iris_dp.png> <./image/iris_dbscan.png>])
[12] (mdpc.aux)

LaTeX Font Warning: Some font shapes were not available, defaults substituted.

 ) 
Here is how much of TeX's memory you used:
 5662 strings out of 493323
 81906 string characters out of 3139069
 263804 words of memory out of 3000000
 9065 multiletter control sequences out of 15000+200000
 12838 words of font info for 47 fonts, out of 3000000 for 9000
 1141 hyphenation exceptions out of 8191
 42i,10n,40p,1512b,508s stack positions out of 5000i,500n,10000p,200000b,50000s
 <C:\Users\bcai\AppData\Local\MiKTeX\2.9\fonts\pk\ljfour\public\ifsym\dpi420\
ifsym10.pk><C:/Program Files/MiKTeX 2.9/fonts/type1/public/amsfonts/cm/cmbx10.p
fb><C:/Program Files/MiKTeX 2.9/fonts/type1/public/amsfonts/cm/cmbx12.pfb><C:/P
rogram Files/MiKTeX 2.9/fonts/type1/public/amsfonts/cm/cmbx9.pfb><C:/Program Fi
les/MiKTeX 2.9/fonts/type1/public/amsfonts/cm/cmex10.pfb><C:/Program Files/MiKT
eX 2.9/fonts/type1/public/amsfonts/cm/cmmi10.pfb><C:/Program Files/MiKTeX 2.9/f
onts/type1/public/amsfonts/cm/cmmi5.pfb><C:/Program Files/MiKTeX 2.9/fonts/type
1/public/amsfonts/cm/cmmi6.pfb><C:/Program Files/MiKTeX 2.9/fonts/type1/public/
amsfonts/cm/cmmi7.pfb><C:/Program Files/MiKTeX 2.9/fonts/type1/public/amsfonts/
cm/cmmi9.pfb><C:/Program Files/MiKTeX 2.9/fonts/type1/public/amsfonts/cmextra/c
mmib9.pfb><C:/Program Files/MiKTeX 2.9/fonts/type1/public/amsfonts/cm/cmr10.pfb
><C:/Program Files/MiKTeX 2.9/fonts/type1/public/amsfonts/cm/cmr6.pfb><C:/Progr
am Files/MiKTeX 2.9/fonts/type1/public/amsfonts/cm/cmr7.pfb><C:/Program Files/M
iKTeX 2.9/fonts/type1/public/amsfonts/cm/cmr9.pfb><C:/Program Files/MiKTeX 2.9/
fonts/type1/public/amsfonts/cm/cmsy10.pfb><C:/Program Files/MiKTeX 2.9/fonts/ty
pe1/public/amsfonts/cm/cmsy7.pfb><C:/Program Files/MiKTeX 2.9/fonts/type1/publi
c/amsfonts/cm/cmsy9.pfb><C:/Program Files/MiKTeX 2.9/fonts/type1/public/amsfont
s/cm/cmtt9.pfb>
Output written on mdpc.pdf (12 pages, 1480056 bytes).
PDF statistics:
 171 PDF objects out of 1000 (max. 8388607)
 0 named destinations out of 1000 (max. 500000)
 131 words of extra memory for PDF output out of 10000 (max. 10000000)

